Arguments: 
  C:\Program Files\nodejs\node.exe C:\Users\Akshansh Chauhan\AppData\Roaming\npm\node_modules\yarn\bin\yarn.js init

PATH: 
  C:\Program Files\Common Files\Oracle\Java\javapath;C:\windows\system32;C:\windows;C:\windows\System32\Wbem;C:\windows\System32\WindowsPowerShell\v1.0\;C:\windows\System32\OpenSSH\;C:\Program Files (x86)\NVIDIA Corporation\PhysX\Common;C:\Program Files\NVIDIA Corporation\NVIDIA NvDLISR;C:\WINDOWS\system32;C:\WINDOWS;C:\WINDOWS\System32\Wbem;C:\WINDOWS\System32\WindowsPowerShell\v1.0\;C:\WINDOWS\System32\OpenSSH\;C:\ProgramData\chocolatey\bin;C:\Program Files (x86)\php-8.1.2\;C:\Program Files\Git\cmd;C:\Users\Akshansh Chauhan\AppData\Local\Programs\Python\Python310\Scripts;C:\Users\Akshansh Chauhan\AppData\Local\Programs\Python\Python310;C:\Users\Akshansh Chauhan\AppData\Local\Programs\Microsoft VS Code\code.exe;C:\Users\Akshansh Chauhan\AppData\Local\pip\;C:\Users\Akshansh Chauhan\AppData\Local\Programs\Python\Python310\Scripts\;C:\Program Files\nodejs\node_modules\npm\;C:\Program Files\nodejs\;C:\Users\Akshansh Chauhan\AppData\Local\Programs\Python\Python310\Scripts\;C:\Users\Akshansh Chauhan\AppData\Local\Programs\Python\Python310\;C:\Program Files\MySQL\MySQL Shell 8.0\bin\;C:\Users\Akshansh Chauhan\AppData\Local\Microsoft\WindowsApps;C:\Users\Akshansh Chauhan\AppData\Local\GitHubDesktop\bin;C:\Users\Akshansh Chauhan\AppData\Local\Programs\Microsoft VS Code\bin;C:\Users\Akshansh Chauhan\AppData\Roaming\npm

Yarn version: 
  1.22.19

Node version: 
  16.17.0

Platform: 
  win32 x64

Trace: 
  Error: canceled
      at Interface.<anonymous> (C:\Users\Akshansh Chauhan\AppData\Roaming\npm\node_modules\yarn\lib\cli.js:137150:13)
      at Interface.emit (node:events:513:28)
      at Interface._ttyWrite (node:readline:1085:16)
      at ReadStream.onkeypress (node:readline:291:10)
      at ReadStream.emit (node:events:513:28)
      at emitKeys (node:internal/readline/utils:357:14)
      at emitKeys.next (<anonymous>)
      at ReadStream.onData (node:internal/readline/emitKeypressEvents:61:36)
      at ReadStream.emit (node:events:513:28)
      at addChunk (node:internal/streams/readable:315:12)

npm manifest: 
  {
    "name": "ps",
    "version": "0.1.0",
    "private": true,
    "dependencies": {
      "@testing-library/jest-dom": "^5.16.5",
      "@testing-library/react": "^13.4.0",
      "@testing-library/user-event": "^13.5.0",
      "react": "^18.2.0",
      "react-dom": "^18.2.0",
      "react-router-dom": "^6.4.1",
      "react-scripts": "5.0.1",
      "web-vitals": "^2.1.4",
      "yarn": "^1.22.19"
    },
    "scripts": {
      "start": "react-scripts start",
      "build": "react-scripts build",
      "test": "react-scripts test",
      "eject": "react-scripts eject"
    },
    "eslintConfig": {
      "extends": [
        "react-app",
        "react-app/jest"
      ]
    },
    "browserslist": {
      "production": [
        ">0.2%",
        "not dead",
        "not op_mini all"
      ],
      "development": [
        "last 1 chrome version",
        "last 1 firefox version",
        "last 1 safari version"
      ]
    }
  }

yarn manifest: 
  No manifest

Lockfile: 
  No lockfile
